<?xml version="1.0" encoding="UTF-8"?>
<Site BuildName="(empty)"
	BuildStamp="20240627-0412-Experimental"
	Name="irohasu"
	Generator="ctest-3.26.3"
	CompilerName="/usr/bin/c++"
	CompilerVersion="9.4.0"
	OSName="Linux"
	Hostname="irohasu"
	OSRelease="5.15.0-107-generic"
	OSVersion="#117~20.04.1-Ubuntu SMP Tue Apr 30 10:35:57 UTC 2024"
	OSPlatform="x86_64"
	Is64Bits="1"
	VendorString="GenuineIntel"
	VendorID="Intel Corporation"
	FamilyID="6"
	ModelID="183"
	ProcessorCacheSize="36864"
	NumberOfLogicalCPU="32"
	NumberOfPhysicalCPU="24"
	TotalVirtualMemory="2047"
	TotalPhysicalMemory="31917"
	LogicalProcessorsPerPhysical="1"
	ProcessorClockFrequency="5488.79"
	>
	<Testing>
		<StartDateTime>Jun 27 13:12 JST</StartDateTime>
		<StartTestTime>1719461554</StartTestTime>
		<TestList/>
		<EndDateTime>Jun 27 13:12 JST</EndDateTime>
		<EndTestTime>1719461554</EndTestTime>
		<ElapsedMinutes>0</ElapsedMinutes>
	</Testing>
</Site>
